
===========================================================================
report_checks -path_delay max (Setup)
============================================================================
Startpoint: B[3] (input port clocked by clk)
Endpoint: ALU_Out[0] (output port clocked by clk)
Path Group: clk
Path Type: max

Fanout     Cap    Slew   Delay    Time   Description
-----------------------------------------------------------------------------
                  0.00    0.00    0.00   clock clk (rise edge)
                          0.00    0.00   clock network delay (ideal)
                          2.00    2.00 v input external delay
                  0.01    0.01    2.01 v B[3] (in)
     1    0.00                           B[3] (net)
                  0.01    0.00    2.01 v input16/A (sky130_fd_sc_hd__buf_6)
                  0.03    0.11    2.12 v input16/X (sky130_fd_sc_hd__buf_6)
     2    0.01                           net16 (net)
                  0.03    0.00    2.12 v _0868_/A (sky130_fd_sc_hd__buf_8)
                  0.04    0.13    2.25 v _0868_/X (sky130_fd_sc_hd__buf_8)
     5    0.03                           _0266_ (net)
                  0.04    0.00    2.26 v _0869_/A (sky130_fd_sc_hd__nor2_4)
                  0.08    0.11    2.37 ^ _0869_/Y (sky130_fd_sc_hd__nor2_4)
     2    0.01                           _0277_ (net)
                  0.08    0.00    2.37 ^ _0871_/B (sky130_fd_sc_hd__nand3_2)
                  0.07    0.10    2.46 v _0871_/Y (sky130_fd_sc_hd__nand3_2)
     1    0.01                           _0299_ (net)
                  0.07    0.00    2.46 v _0872_/A2 (sky130_fd_sc_hd__o21bai_4)
                  0.12    0.14    2.60 ^ _0872_/Y (sky130_fd_sc_hd__o21bai_4)
     2    0.01                           _0310_ (net)
                  0.12    0.00    2.60 ^ _0884_/A (sky130_fd_sc_hd__nand3_1)
                  0.06    0.08    2.68 v _0884_/Y (sky130_fd_sc_hd__nand3_1)
     1    0.00                           _0442_ (net)
                  0.06    0.00    2.68 v _0887_/A (sky130_fd_sc_hd__nand2_1)
                  0.06    0.08    2.76 ^ _0887_/Y (sky130_fd_sc_hd__nand2_1)
     1    0.01                           _0475_ (net)
                  0.06    0.00    2.76 ^ _0891_/A (sky130_fd_sc_hd__nand2_2)
                  0.07    0.08    2.84 v _0891_/Y (sky130_fd_sc_hd__nand2_2)
     4    0.02                           _0519_ (net)
                  0.07    0.00    2.85 v _0898_/A (sky130_fd_sc_hd__nand2_2)
                  0.08    0.10    2.94 ^ _0898_/Y (sky130_fd_sc_hd__nand2_2)
     3    0.01                           _0595_ (net)
                  0.08    0.00    2.95 ^ _0900_/A (sky130_fd_sc_hd__nand2_2)
                  0.05    0.07    3.02 v _0900_/Y (sky130_fd_sc_hd__nand2_2)
     1    0.01                           _0616_ (net)
                  0.05    0.00    3.02 v _0906_/A (sky130_fd_sc_hd__nand3_4)
                  0.10    0.09    3.11 ^ _0906_/Y (sky130_fd_sc_hd__nand3_4)
     4    0.02                           _0680_ (net)
                  0.10    0.00    3.11 ^ _0913_/A (sky130_fd_sc_hd__nand3_4)
                  0.06    0.08    3.19 v _0913_/Y (sky130_fd_sc_hd__nand3_4)
     3    0.01                           _0755_ (net)
                  0.06    0.00    3.19 v _0914_/A (sky130_fd_sc_hd__nand2_2)
                  0.06    0.08    3.26 ^ _0914_/Y (sky130_fd_sc_hd__nand2_2)
     2    0.01                           _0766_ (net)
                  0.06    0.00    3.26 ^ _0917_/A (sky130_fd_sc_hd__nand2_2)
                  0.04    0.05    3.31 v _0917_/Y (sky130_fd_sc_hd__nand2_2)
     1    0.00                           _0799_ (net)
                  0.04    0.00    3.31 v _0920_/A (sky130_fd_sc_hd__nand2_2)
                  0.08    0.08    3.40 ^ _0920_/Y (sky130_fd_sc_hd__nand2_2)
     3    0.01                           _0831_ (net)
                  0.08    0.00    3.40 ^ _0926_/A (sky130_fd_sc_hd__buf_6)
                  0.06    0.13    3.53 ^ _0926_/X (sky130_fd_sc_hd__buf_6)
     5    0.03                           _0855_ (net)
                  0.06    0.00    3.53 ^ _0965_/A (sky130_fd_sc_hd__nand3_4)
                  0.07    0.08    3.61 v _0965_/Y (sky130_fd_sc_hd__nand3_4)
     2    0.01                           _0032_ (net)
                  0.07    0.00    3.61 v _0966_/B (sky130_fd_sc_hd__nand2_4)
                  0.06    0.10    3.71 ^ _0966_/Y (sky130_fd_sc_hd__nand2_4)
     2    0.01                           _0033_ (net)
                  0.06    0.00    3.71 ^ _0967_/A (sky130_fd_sc_hd__nand2_4)
                  0.04    0.06    3.77 v _0967_/Y (sky130_fd_sc_hd__nand2_4)
     2    0.01                           _0034_ (net)
                  0.04    0.00    3.77 v _0969_/A (sky130_fd_sc_hd__nand2_4)
                  0.07    0.08    3.85 ^ _0969_/Y (sky130_fd_sc_hd__nand2_4)
     3    0.02                           _0036_ (net)
                  0.07    0.00    3.85 ^ _0970_/B (sky130_fd_sc_hd__nor2_4)
                  0.03    0.04    3.88 v _0970_/Y (sky130_fd_sc_hd__nor2_4)
     2    0.01                           _0037_ (net)
                  0.03    0.00    3.88 v _0971_/B (sky130_fd_sc_hd__nand2_1)
                  0.07    0.08    3.96 ^ _0971_/Y (sky130_fd_sc_hd__nand2_1)
     1    0.01                           _0038_ (net)
                  0.07    0.00    3.96 ^ _0982_/A (sky130_fd_sc_hd__nand3_2)
                  0.12    0.12    4.08 v _0982_/Y (sky130_fd_sc_hd__nand3_2)
     5    0.02                           _0049_ (net)
                  0.12    0.00    4.08 v _0984_/A (sky130_fd_sc_hd__nand2_2)
                  0.09    0.13    4.21 ^ _0984_/Y (sky130_fd_sc_hd__nand2_2)
     3    0.01                           _0051_ (net)
                  0.09    0.00    4.21 ^ _0985_/A (sky130_fd_sc_hd__buf_6)
                  0.09    0.16    4.37 ^ _0985_/X (sky130_fd_sc_hd__buf_6)
     5    0.04                           _0052_ (net)
                  0.09    0.00    4.37 ^ _0988_/A (sky130_fd_sc_hd__nand2_4)
                  0.04    0.06    4.43 v _0988_/Y (sky130_fd_sc_hd__nand2_4)
     1    0.01                           _0055_ (net)
                  0.04    0.00    4.43 v _0997_/A (sky130_fd_sc_hd__nand3_4)
                  0.10    0.08    4.51 ^ _0997_/Y (sky130_fd_sc_hd__nand3_4)
     4    0.02                           _0064_ (net)
                  0.10    0.00    4.51 ^ _1004_/A (sky130_fd_sc_hd__nand2_4)
                  0.05    0.07    4.59 v _1004_/Y (sky130_fd_sc_hd__nand2_4)
     3    0.02                           _0071_ (net)
                  0.05    0.00    4.59 v _1016_/A (sky130_fd_sc_hd__nor2_4)
                  0.11    0.14    4.73 ^ _1016_/Y (sky130_fd_sc_hd__nor2_4)
     3    0.01                           _0083_ (net)
                  0.11    0.00    4.73 ^ _1105_/A (sky130_fd_sc_hd__nand2_1)
                  0.04    0.07    4.80 v _1105_/Y (sky130_fd_sc_hd__nand2_1)
     1    0.00                           _0172_ (net)
                  0.04    0.00    4.80 v _1106_/B (sky130_fd_sc_hd__nor2_1)
                  0.11    0.11    4.91 ^ _1106_/Y (sky130_fd_sc_hd__nor2_1)
     1    0.01                           _0173_ (net)
                  0.11    0.00    4.91 ^ _1107_/B (sky130_fd_sc_hd__nor2_2)
                  0.04    0.06    4.97 v _1107_/Y (sky130_fd_sc_hd__nor2_2)
     2    0.01                           _0174_ (net)
                  0.04    0.00    4.97 v _1109_/A2 (sky130_fd_sc_hd__o21bai_1)
                  0.21    0.21    5.17 ^ _1109_/Y (sky130_fd_sc_hd__o21bai_1)
     2    0.01                           _0176_ (net)
                  0.21    0.00    5.18 ^ _1120_/A (sky130_fd_sc_hd__nand3_2)
                  0.12    0.15    5.33 v _1120_/Y (sky130_fd_sc_hd__nand3_2)
     3    0.02                           _0187_ (net)
                  0.12    0.00    5.33 v _1125_/A (sky130_fd_sc_hd__nand2_4)
                  0.09    0.13    5.46 ^ _1125_/Y (sky130_fd_sc_hd__nand2_4)
     3    0.03                           _0192_ (net)
                  0.09    0.00    5.47 ^ _1139_/A (sky130_fd_sc_hd__nor2_8)
                  0.04    0.06    5.52 v _1139_/Y (sky130_fd_sc_hd__nor2_8)
     3    0.02                           _0207_ (net)
                  0.04    0.00    5.52 v _1145_/A (sky130_fd_sc_hd__nand2_2)
                  0.07    0.07    5.59 ^ _1145_/Y (sky130_fd_sc_hd__nand2_2)
     1    0.01                           _0214_ (net)
                  0.07    0.00    5.59 ^ _1150_/B (sky130_fd_sc_hd__nand3_4)
                  0.08    0.10    5.69 v _1150_/Y (sky130_fd_sc_hd__nand3_4)
     3    0.02                           _0219_ (net)
                  0.08    0.00    5.69 v _1153_/A (sky130_fd_sc_hd__nand2_4)
                  0.08    0.10    5.79 ^ _1153_/Y (sky130_fd_sc_hd__nand2_4)
     5    0.02                           _0223_ (net)
                  0.08    0.00    5.79 ^ _1180_/A (sky130_fd_sc_hd__buf_8)
                  0.07    0.14    5.94 ^ _1180_/X (sky130_fd_sc_hd__buf_8)
     5    0.04                           _0252_ (net)
                  0.07    0.00    5.94 ^ _1238_/A (sky130_fd_sc_hd__nand2_4)
                  0.04    0.05    5.99 v _1238_/Y (sky130_fd_sc_hd__nand2_4)
     2    0.01                           _0316_ (net)
                  0.04    0.00    5.99 v _1242_/A (sky130_fd_sc_hd__nand3_2)
                  0.06    0.06    6.05 ^ _1242_/Y (sky130_fd_sc_hd__nand3_2)
     1    0.01                           _0320_ (net)
                  0.06    0.00    6.05 ^ _1243_/B (sky130_fd_sc_hd__nand2_2)
                  0.06    0.08    6.13 v _1243_/Y (sky130_fd_sc_hd__nand2_2)
     3    0.01                           _0322_ (net)
                  0.06    0.00    6.13 v _1245_/A (sky130_fd_sc_hd__nor2_4)
                  0.11    0.15    6.28 ^ _1245_/Y (sky130_fd_sc_hd__nor2_4)
     3    0.01                           _0324_ (net)
                  0.11    0.00    6.28 ^ _1270_/A (sky130_fd_sc_hd__inv_2)
                  0.03    0.05    6.32 v _1270_/Y (sky130_fd_sc_hd__inv_2)
     1    0.00                           _0351_ (net)
                  0.03    0.00    6.32 v _1272_/A (sky130_fd_sc_hd__nor2_2)
                  0.08    0.11    6.43 ^ _1272_/Y (sky130_fd_sc_hd__nor2_2)
     1    0.01                           _0353_ (net)
                  0.08    0.00    6.43 ^ _1274_/A (sky130_fd_sc_hd__nand2_2)
                  0.05    0.07    6.50 v _1274_/Y (sky130_fd_sc_hd__nand2_2)
     1    0.01                           _0356_ (net)
                  0.05    0.00    6.50 v _1275_/B (sky130_fd_sc_hd__nand2_4)
                  0.07    0.09    6.59 ^ _1275_/Y (sky130_fd_sc_hd__nand2_4)
     3    0.02                           _0357_ (net)
                  0.07    0.00    6.59 ^ _1276_/A (sky130_fd_sc_hd__nand2_4)
                  0.04    0.05    6.65 v _1276_/Y (sky130_fd_sc_hd__nand2_4)
     3    0.01                           _0358_ (net)
                  0.04    0.00    6.65 v _1277_/A (sky130_fd_sc_hd__buf_6)
                  0.03    0.13    6.78 v _1277_/X (sky130_fd_sc_hd__buf_6)
     5    0.02                           _0359_ (net)
                  0.03    0.00    6.78 v _1298_/A (sky130_fd_sc_hd__nand2_2)
                  0.05    0.05    6.83 ^ _1298_/Y (sky130_fd_sc_hd__nand2_2)
     2    0.01                           _0382_ (net)
                  0.05    0.00    6.83 ^ _1299_/B (sky130_fd_sc_hd__nand2_1)
                  0.03    0.05    6.88 v _1299_/Y (sky130_fd_sc_hd__nand2_1)
     1    0.00                           _0383_ (net)
                  0.03    0.00    6.88 v _1300_/A (sky130_fd_sc_hd__nand2_1)
                  0.07    0.07    6.95 ^ _1300_/Y (sky130_fd_sc_hd__nand2_1)
     2    0.01                           _0384_ (net)
                  0.07    0.00    6.95 ^ _1311_/C (sky130_fd_sc_hd__nand3_1)
                  0.06    0.08    7.04 v _1311_/Y (sky130_fd_sc_hd__nand3_1)
     1    0.00                           _0396_ (net)
                  0.06    0.00    7.04 v _1318_/A (sky130_fd_sc_hd__nor2_1)
                  0.08    0.11    7.15 ^ _1318_/Y (sky130_fd_sc_hd__nor2_1)
     1    0.00                           _0404_ (net)
                  0.08    0.00    7.15 ^ _1359_/A (sky130_fd_sc_hd__nand2_1)
                  0.04    0.06    7.20 v _1359_/Y (sky130_fd_sc_hd__nand2_1)
     1    0.00                           _0449_ (net)
                  0.04    0.00    7.20 v _1360_/B (sky130_fd_sc_hd__nand2_1)
                  0.05    0.06    7.27 ^ _1360_/Y (sky130_fd_sc_hd__nand2_1)
     1    0.00                           _0450_ (net)
                  0.05    0.00    7.27 ^ _1367_/A (sky130_fd_sc_hd__nand2_1)
                  0.05    0.06    7.32 v _1367_/Y (sky130_fd_sc_hd__nand2_1)
     1    0.00                           _0458_ (net)
                  0.05    0.00    7.32 v _1473_/A1 (sky130_fd_sc_hd__a21oi_2)
                  0.15    0.18    7.50 ^ _1473_/Y (sky130_fd_sc_hd__a21oi_2)
     1    0.01                           net21 (net)
                  0.15    0.00    7.50 ^ output21/A (sky130_fd_sc_hd__buf_6)
                  0.08    0.16    7.67 ^ output21/X (sky130_fd_sc_hd__buf_6)
     1    0.03                           ALU_Out[0] (net)
                  0.08    0.00    7.67 ^ ALU_Out[0] (out)
                                  7.67   data arrival time

                  0.00   10.00   10.00   clock clk (rise edge)
                          0.00   10.00   clock network delay (ideal)
                         -0.25    9.75   clock uncertainty
                          0.00    9.75   clock reconvergence pessimism
                         -2.00    7.75   output external delay
                                  7.75   data required time
-----------------------------------------------------------------------------
                                  7.75   data required time
                                 -7.67   data arrival time
-----------------------------------------------------------------------------
                                  0.08   slack (MET)


Startpoint: B[3] (input port clocked by clk)
Endpoint: ALU_Out[1] (output port clocked by clk)
Path Group: clk
Path Type: max

Fanout     Cap    Slew   Delay    Time   Description
-----------------------------------------------------------------------------
                  0.00    0.00    0.00   clock clk (rise edge)
                          0.00    0.00   clock network delay (ideal)
                          2.00    2.00 v input external delay
                  0.01    0.01    2.01 v B[3] (in)
     1    0.00                           B[3] (net)
                  0.01    0.00    2.01 v input16/A (sky130_fd_sc_hd__buf_6)
                  0.03    0.11    2.12 v input16/X (sky130_fd_sc_hd__buf_6)
     2    0.01                           net16 (net)
                  0.03    0.00    2.12 v _0868_/A (sky130_fd_sc_hd__buf_8)
                  0.04    0.13    2.25 v _0868_/X (sky130_fd_sc_hd__buf_8)
     5    0.03                           _0266_ (net)
                  0.04    0.00    2.26 v _0869_/A (sky130_fd_sc_hd__nor2_4)
                  0.08    0.11    2.37 ^ _0869_/Y (sky130_fd_sc_hd__nor2_4)
     2    0.01                           _0277_ (net)
                  0.08    0.00    2.37 ^ _0871_/B (sky130_fd_sc_hd__nand3_2)
                  0.07    0.10    2.46 v _0871_/Y (sky130_fd_sc_hd__nand3_2)
     1    0.01                           _0299_ (net)
                  0.07    0.00    2.46 v _0872_/A2 (sky130_fd_sc_hd__o21bai_4)
                  0.12    0.14    2.60 ^ _0872_/Y (sky130_fd_sc_hd__o21bai_4)
     2    0.01                           _0310_ (net)
                  0.12    0.00    2.60 ^ _0884_/A (sky130_fd_sc_hd__nand3_1)
                  0.06    0.08    2.68 v _0884_/Y (sky130_fd_sc_hd__nand3_1)
     1    0.00                           _0442_ (net)
                  0.06    0.00    2.68 v _0887_/A (sky130_fd_sc_hd__nand2_1)
                  0.06    0.08    2.76 ^ _0887_/Y (sky130_fd_sc_hd__nand2_1)
     1    0.01                           _0475_ (net)
                  0.06    0.00    2.76 ^ _0891_/A (sky130_fd_sc_hd__nand2_2)
                  0.07    0.08    2.84 v _0891_/Y (sky130_fd_sc_hd__nand2_2)
     4    0.02                           _0519_ (net)
                  0.07    0.00    2.85 v _0898_/A (sky130_fd_sc_hd__nand2_2)
                  0.08    0.10    2.94 ^ _0898_/Y (sky130_fd_sc_hd__nand2_2)
     3    0.01                           _0595_ (net)
                  0.08    0.00    2.95 ^ _0900_/A (sky130_fd_sc_hd__nand2_2)
                  0.05    0.07    3.02 v _0900_/Y (sky130_fd_sc_hd__nand2_2)
     1    0.01                           _0616_ (net)
                  0.05    0.00    3.02 v _0906_/A (sky130_fd_sc_hd__nand3_4)
                  0.10    0.09    3.11 ^ _0906_/Y (sky130_fd_sc_hd__nand3_4)
     4    0.02                           _0680_ (net)
                  0.10    0.00    3.11 ^ _0913_/A (sky130_fd_sc_hd__nand3_4)
                  0.06    0.08    3.19 v _0913_/Y (sky130_fd_sc_hd__nand3_4)
     3    0.01                           _0755_ (net)
                  0.06    0.00    3.19 v _0914_/A (sky130_fd_sc_hd__nand2_2)
                  0.06    0.08    3.26 ^ _0914_/Y (sky130_fd_sc_hd__nand2_2)
     2    0.01                           _0766_ (net)
                  0.06    0.00    3.26 ^ _0917_/A (sky130_fd_sc_hd__nand2_2)
                  0.04    0.05    3.31 v _0917_/Y (sky130_fd_sc_hd__nand2_2)
     1    0.00                           _0799_ (net)
                  0.04    0.00    3.31 v _0920_/A (sky130_fd_sc_hd__nand2_2)
                  0.08    0.08    3.40 ^ _0920_/Y (sky130_fd_sc_hd__nand2_2)
     3    0.01                           _0831_ (net)
                  0.08    0.00    3.40 ^ _0926_/A (sky130_fd_sc_hd__buf_6)
                  0.06    0.13    3.53 ^ _0926_/X (sky130_fd_sc_hd__buf_6)
     5    0.03                           _0855_ (net)
                  0.06    0.00    3.53 ^ _0965_/A (sky130_fd_sc_hd__nand3_4)
                  0.07    0.08    3.61 v _0965_/Y (sky130_fd_sc_hd__nand3_4)
     2    0.01                           _0032_ (net)
                  0.07    0.00    3.61 v _0966_/B (sky130_fd_sc_hd__nand2_4)
                  0.06    0.10    3.71 ^ _0966_/Y (sky130_fd_sc_hd__nand2_4)
     2    0.01                           _0033_ (net)
                  0.06    0.00    3.71 ^ _0967_/A (sky130_fd_sc_hd__nand2_4)
                  0.04    0.06    3.77 v _0967_/Y (sky130_fd_sc_hd__nand2_4)
     2    0.01                           _0034_ (net)
                  0.04    0.00    3.77 v _0969_/A (sky130_fd_sc_hd__nand2_4)
                  0.07    0.08    3.85 ^ _0969_/Y (sky130_fd_sc_hd__nand2_4)
     3    0.02                           _0036_ (net)
                  0.07    0.00    3.85 ^ _0970_/B (sky130_fd_sc_hd__nor2_4)
                  0.03    0.04    3.88 v _0970_/Y (sky130_fd_sc_hd__nor2_4)
     2    0.01                           _0037_ (net)
                  0.03    0.00    3.88 v _0971_/B (sky130_fd_sc_hd__nand2_1)
                  0.07    0.08    3.96 ^ _0971_/Y (sky130_fd_sc_hd__nand2_1)
     1    0.01                           _0038_ (net)
                  0.07    0.00    3.96 ^ _0982_/A (sky130_fd_sc_hd__nand3_2)
                  0.12    0.12    4.08 v _0982_/Y (sky130_fd_sc_hd__nand3_2)
     5    0.02                           _0049_ (net)
                  0.12    0.00    4.08 v _0984_/A (sky130_fd_sc_hd__nand2_2)
                  0.09    0.13    4.21 ^ _0984_/Y (sky130_fd_sc_hd__nand2_2)
     3    0.01                           _0051_ (net)
                  0.09    0.00    4.21 ^ _0985_/A (sky130_fd_sc_hd__buf_6)
                  0.09    0.16    4.37 ^ _0985_/X (sky130_fd_sc_hd__buf_6)
     5    0.04                           _0052_ (net)
                  0.09    0.00    4.37 ^ _0988_/A (sky130_fd_sc_hd__nand2_4)
                  0.04    0.06    4.43 v _0988_/Y (sky130_fd_sc_hd__nand2_4)
     1    0.01                           _0055_ (net)
                  0.04    0.00    4.43 v _0997_/A (sky130_fd_sc_hd__nand3_4)
                  0.10    0.08    4.51 ^ _0997_/Y (sky130_fd_sc_hd__nand3_4)
     4    0.02                           _0064_ (net)
                  0.10    0.00    4.51 ^ _1004_/A (sky130_fd_sc_hd__nand2_4)
                  0.05    0.07    4.59 v _1004_/Y (sky130_fd_sc_hd__nand2_4)
     3    0.02                           _0071_ (net)
                  0.05    0.00    4.59 v _1016_/A (sky130_fd_sc_hd__nor2_4)
                  0.11    0.14    4.73 ^ _1016_/Y (sky130_fd_sc_hd__nor2_4)
     3    0.01                           _0083_ (net)
                  0.11    0.00    4.73 ^ _1041_/A (sky130_fd_sc_hd__nand2_2)
                  0.06    0.09    4.81 v _1041_/Y (sky130_fd_sc_hd__nand2_2)
     2    0.01                           _0108_ (net)
                  0.06    0.00    4.81 v _1044_/B (sky130_fd_sc_hd__nand3_4)
                  0.10    0.11    4.92 ^ _1044_/Y (sky130_fd_sc_hd__nand3_4)
     4    0.02                           _0111_ (net)
                  0.10    0.00    4.92 ^ _1046_/A (sky130_fd_sc_hd__nand2_4)
                  0.04    0.06    4.99 v _1046_/Y (sky130_fd_sc_hd__nand2_4)
     3    0.01                           _0113_ (net)
                  0.04    0.00    4.99 v _1047_/A (sky130_fd_sc_hd__buf_6)
                  0.04    0.14    5.12 v _1047_/X (sky130_fd_sc_hd__buf_6)
     5    0.02                           _0114_ (net)
                  0.04    0.00    5.12 v _1133_/A (sky130_fd_sc_hd__nand2_4)
                  0.06    0.06    5.18 ^ _1133_/Y (sky130_fd_sc_hd__nand2_4)
     2    0.01                           _0201_ (net)
                  0.06    0.00    5.18 ^ _1134_/B (sky130_fd_sc_hd__nand2_2)
                  0.05    0.06    5.24 v _1134_/Y (sky130_fd_sc_hd__nand2_2)
     2    0.01                           _0202_ (net)
                  0.05    0.00    5.24 v _1136_/A (sky130_fd_sc_hd__nand2_2)
                  0.08    0.09    5.33 ^ _1136_/Y (sky130_fd_sc_hd__nand2_2)
     2    0.01                           _0204_ (net)
                  0.08    0.00    5.33 ^ _1138_/A (sky130_fd_sc_hd__nand2_4)
                  0.06    0.08    5.41 v _1138_/Y (sky130_fd_sc_hd__nand2_4)
     3    0.02                           _0206_ (net)
                  0.06    0.00    5.41 v _1139_/B (sky130_fd_sc_hd__nor2_8)
                  0.10    0.11    5.52 ^ _1139_/Y (sky130_fd_sc_hd__nor2_8)
     3    0.02                           _0207_ (net)
                  0.10    0.00    5.52 ^ _1141_/A (sky130_fd_sc_hd__nand3_4)
                  0.07    0.09    5.61 v _1141_/Y (sky130_fd_sc_hd__nand3_4)
     2    0.01                           _0209_ (net)
                  0.07    0.00    5.61 v _1150_/A (sky130_fd_sc_hd__nand3_4)
                  0.09    0.09    5.70 ^ _1150_/Y (sky130_fd_sc_hd__nand3_4)
     3    0.02                           _0219_ (net)
                  0.09    0.00    5.71 ^ _1153_/A (sky130_fd_sc_hd__nand2_4)
                  0.07    0.08    5.78 v _1153_/Y (sky130_fd_sc_hd__nand2_4)
     5    0.02                           _0223_ (net)
                  0.07    0.00    5.78 v _1180_/A (sky130_fd_sc_hd__buf_8)
                  0.04    0.15    5.94 v _1180_/X (sky130_fd_sc_hd__buf_8)
     5    0.04                           _0252_ (net)
                  0.04    0.00    5.94 v _1193_/A (sky130_fd_sc_hd__nand2_4)
                  0.07    0.07    6.01 ^ _1193_/Y (sky130_fd_sc_hd__nand2_4)
     2    0.01                           _0267_ (net)
                  0.07    0.00    6.01 ^ _1197_/C (sky130_fd_sc_hd__nand3_4)
                  0.10    0.11    6.12 v _1197_/Y (sky130_fd_sc_hd__nand3_4)
     4    0.02                           _0271_ (net)
                  0.10    0.00    6.12 v _1198_/B (sky130_fd_sc_hd__nand2_4)
                  0.06    0.11    6.22 ^ _1198_/Y (sky130_fd_sc_hd__nand2_4)
     2    0.01                           _0272_ (net)
                  0.06    0.00    6.22 ^ _1199_/A (sky130_fd_sc_hd__clkinv_4)
                  0.04    0.06    6.29 v _1199_/Y (sky130_fd_sc_hd__clkinv_4)
     4    0.02                           _0273_ (net)
                  0.04    0.00    6.29 v _1200_/C (sky130_fd_sc_hd__nand3_2)
                  0.05    0.07    6.36 ^ _1200_/Y (sky130_fd_sc_hd__nand3_2)
     1    0.01                           _0274_ (net)
                  0.05    0.00    6.36 ^ _1205_/A (sky130_fd_sc_hd__nand2_2)
                  0.07    0.08    6.44 v _1205_/Y (sky130_fd_sc_hd__nand2_2)
     2    0.01                           _0280_ (net)
                  0.07    0.00    6.44 v _1248_/A (sky130_fd_sc_hd__nor2_4)
                  0.10    0.14    6.58 ^ _1248_/Y (sky130_fd_sc_hd__nor2_4)
     3    0.01                           _0327_ (net)
                  0.10    0.00    6.58 ^ _1250_/B (sky130_fd_sc_hd__nor2_2)
                  0.05    0.06    6.64 v _1250_/Y (sky130_fd_sc_hd__nor2_2)
     4    0.01                           _0329_ (net)
                  0.05    0.00    6.64 v _1487_/A (sky130_fd_sc_hd__nand2_1)
                  0.06    0.07    6.71 ^ _1487_/Y (sky130_fd_sc_hd__nand2_1)
     1    0.00                           _0589_ (net)
                  0.06    0.00    6.71 ^ _1488_/D1 (sky130_fd_sc_hd__o2111a_1)
                  0.06    0.18    6.89 ^ _1488_/X (sky130_fd_sc_hd__o2111a_1)
     1    0.00                           _0590_ (net)
                  0.06    0.00    6.89 ^ _1496_/A (sky130_fd_sc_hd__nand2_1)
                  0.03    0.05    6.94 v _1496_/Y (sky130_fd_sc_hd__nand2_1)
     1    0.00                           _0599_ (net)
                  0.03    0.00    6.94 v _1497_/B1 (sky130_fd_sc_hd__a31o_1)
                  0.10    0.25    7.19 v _1497_/X (sky130_fd_sc_hd__a31o_1)
     1    0.02                           net22 (net)
                  0.10    0.00    7.19 v output22/A (sky130_fd_sc_hd__buf_2)
                  0.09    0.21    7.40 v output22/X (sky130_fd_sc_hd__buf_2)
     1    0.03                           ALU_Out[1] (net)
                  0.09    0.00    7.40 v ALU_Out[1] (out)
                                  7.40   data arrival time

                  0.00   10.00   10.00   clock clk (rise edge)
                          0.00   10.00   clock network delay (ideal)
                         -0.25    9.75   clock uncertainty
                          0.00    9.75   clock reconvergence pessimism
                         -2.00    7.75   output external delay
                                  7.75   data required time
-----------------------------------------------------------------------------
                                  7.75   data required time
                                 -7.40   data arrival time
-----------------------------------------------------------------------------
                                  0.35   slack (MET)


Startpoint: B[3] (input port clocked by clk)
Endpoint: ALU_Out[2] (output port clocked by clk)
Path Group: clk
Path Type: max

Fanout     Cap    Slew   Delay    Time   Description
-----------------------------------------------------------------------------
                  0.00    0.00    0.00   clock clk (rise edge)
                          0.00    0.00   clock network delay (ideal)
                          2.00    2.00 v input external delay
                  0.01    0.01    2.01 v B[3] (in)
     1    0.00                           B[3] (net)
                  0.01    0.00    2.01 v input16/A (sky130_fd_sc_hd__buf_6)
                  0.03    0.11    2.12 v input16/X (sky130_fd_sc_hd__buf_6)
     2    0.01                           net16 (net)
                  0.03    0.00    2.12 v _0868_/A (sky130_fd_sc_hd__buf_8)
                  0.04    0.13    2.25 v _0868_/X (sky130_fd_sc_hd__buf_8)
     5    0.03                           _0266_ (net)
                  0.04    0.00    2.26 v _0869_/A (sky130_fd_sc_hd__nor2_4)
                  0.08    0.11    2.37 ^ _0869_/Y (sky130_fd_sc_hd__nor2_4)
     2    0.01                           _0277_ (net)
                  0.08    0.00    2.37 ^ _0871_/B (sky130_fd_sc_hd__nand3_2)
                  0.07    0.10    2.46 v _0871_/Y (sky130_fd_sc_hd__nand3_2)
     1    0.01                           _0299_ (net)
                  0.07    0.00    2.46 v _0872_/A2 (sky130_fd_sc_hd__o21bai_4)
                  0.12    0.14    2.60 ^ _0872_/Y (sky130_fd_sc_hd__o21bai_4)
     2    0.01                           _0310_ (net)
                  0.12    0.00    2.60 ^ _0884_/A (sky130_fd_sc_hd__nand3_1)
                  0.06    0.08    2.68 v _0884_/Y (sky130_fd_sc_hd__nand3_1)
     1    0.00                           _0442_ (net)
                  0.06    0.00    2.68 v _0887_/A (sky130_fd_sc_hd__nand2_1)
                  0.06    0.08    2.76 ^ _0887_/Y (sky130_fd_sc_hd__nand2_1)
     1    0.01                           _0475_ (net)
                  0.06    0.00    2.76 ^ _0891_/A (sky130_fd_sc_hd__nand2_2)
                  0.07    0.08    2.84 v _0891_/Y (sky130_fd_sc_hd__nand2_2)
     4    0.02                           _0519_ (net)
                  0.07    0.00    2.85 v _0898_/A (sky130_fd_sc_hd__nand2_2)
                  0.08    0.10    2.94 ^ _0898_/Y (sky130_fd_sc_hd__nand2_2)
     3    0.01                           _0595_ (net)
                  0.08    0.00    2.95 ^ _0900_/A (sky130_fd_sc_hd__nand2_2)
                  0.05    0.07    3.02 v _0900_/Y (sky130_fd_sc_hd__nand2_2)
     1    0.01                           _0616_ (net)
                  0.05    0.00    3.02 v _0906_/A (sky130_fd_sc_hd__nand3_4)
                  0.10    0.09    3.11 ^ _0906_/Y (sky130_fd_sc_hd__nand3_4)
     4    0.02                           _0680_ (net)
                  0.10    0.00    3.11 ^ _0913_/A (sky130_fd_sc_hd__nand3_4)
                  0.06    0.08    3.19 v _0913_/Y (sky130_fd_sc_hd__nand3_4)
     3    0.01                           _0755_ (net)
                  0.06    0.00    3.19 v _0914_/A (sky130_fd_sc_hd__nand2_2)
                  0.06    0.08    3.26 ^ _0914_/Y (sky130_fd_sc_hd__nand2_2)
     2    0.01                           _0766_ (net)
                  0.06    0.00    3.26 ^ _0917_/A (sky130_fd_sc_hd__nand2_2)
                  0.04    0.05    3.31 v _0917_/Y (sky130_fd_sc_hd__nand2_2)
     1    0.00                           _0799_ (net)
                  0.04    0.00    3.31 v _0920_/A (sky130_fd_sc_hd__nand2_2)
                  0.08    0.08    3.40 ^ _0920_/Y (sky130_fd_sc_hd__nand2_2)
     3    0.01                           _0831_ (net)
                  0.08    0.00    3.40 ^ _0926_/A (sky130_fd_sc_hd__buf_6)
                  0.06    0.13    3.53 ^ _0926_/X (sky130_fd_sc_hd__buf_6)
     5    0.03                           _0855_ (net)
                  0.06    0.00    3.53 ^ _0965_/A (sky130_fd_sc_hd__nand3_4)
                  0.07    0.08    3.61 v _0965_/Y (sky130_fd_sc_hd__nand3_4)
     2    0.01                           _0032_ (net)
                  0.07    0.00    3.61 v _0966_/B (sky130_fd_sc_hd__nand2_4)
                  0.06    0.10    3.71 ^ _0966_/Y (sky130_fd_sc_hd__nand2_4)
     2    0.01                           _0033_ (net)
                  0.06    0.00    3.71 ^ _0967_/A (sky130_fd_sc_hd__nand2_4)
                  0.04    0.06    3.77 v _0967_/Y (sky130_fd_sc_hd__nand2_4)
     2    0.01                           _0034_ (net)
                  0.04    0.00    3.77 v _0969_/A (sky130_fd_sc_hd__nand2_4)
                  0.07    0.08    3.85 ^ _0969_/Y (sky130_fd_sc_hd__nand2_4)
     3    0.02                           _0036_ (net)
                  0.07    0.00    3.85 ^ _0970_/B (sky130_fd_sc_hd__nor2_4)
                  0.03    0.04    3.88 v _0970_/Y (sky130_fd_sc_hd__nor2_4)
     2    0.01                           _0037_ (net)
                  0.03    0.00    3.88 v _0971_/B (sky130_fd_sc_hd__nand2_1)
                  0.07    0.08    3.96 ^ _0971_/Y (sky130_fd_sc_hd__nand2_1)
     1    0.01                           _0038_ (net)
                  0.07    0.00    3.96 ^ _0982_/A (sky130_fd_sc_hd__nand3_2)
                  0.12    0.12    4.08 v _0982_/Y (sky130_fd_sc_hd__nand3_2)
     5    0.02                           _0049_ (net)
                  0.12    0.00    4.08 v _0984_/A (sky130_fd_sc_hd__nand2_2)
                  0.09    0.13    4.21 ^ _0984_/Y (sky130_fd_sc_hd__nand2_2)
     3    0.01                           _0051_ (net)
                  0.09    0.00    4.21 ^ _0985_/A (sky130_fd_sc_hd__buf_6)
                  0.09    0.16    4.37 ^ _0985_/X (sky130_fd_sc_hd__buf_6)
     5    0.04                           _0052_ (net)
                  0.09    0.00    4.37 ^ _0988_/A (sky130_fd_sc_hd__nand2_4)
                  0.04    0.06    4.43 v _0988_/Y (sky130_fd_sc_hd__nand2_4)
     1    0.01                           _0055_ (net)
                  0.04    0.00    4.43 v _0997_/A (sky130_fd_sc_hd__nand3_4)
                  0.10    0.08    4.51 ^ _0997_/Y (sky130_fd_sc_hd__nand3_4)
     4    0.02                           _0064_ (net)
                  0.10    0.00    4.51 ^ _1004_/A (sky130_fd_sc_hd__nand2_4)
                  0.05    0.07    4.59 v _1004_/Y (sky130_fd_sc_hd__nand2_4)
     3    0.02                           _0071_ (net)
                  0.05    0.00    4.59 v _1016_/A (sky130_fd_sc_hd__nor2_4)
                  0.11    0.14    4.73 ^ _1016_/Y (sky130_fd_sc_hd__nor2_4)
     3    0.01                           _0083_ (net)
                  0.11    0.00    4.73 ^ _1105_/A (sky130_fd_sc_hd__nand2_1)
                  0.04    0.07    4.80 v _1105_/Y (sky130_fd_sc_hd__nand2_1)
     1    0.00                           _0172_ (net)
                  0.04    0.00    4.80 v _1106_/B (sky130_fd_sc_hd__nor2_1)
                  0.11    0.11    4.91 ^ _1106_/Y (sky130_fd_sc_hd__nor2_1)
     1    0.01                           _0173_ (net)
                  0.11    0.00    4.91 ^ _1107_/B (sky130_fd_sc_hd__nor2_2)
                  0.04    0.06    4.97 v _1107_/Y (sky130_fd_sc_hd__nor2_2)
     2    0.01                           _0174_ (net)
                  0.04    0.00    4.97 v _1109_/A2 (sky130_fd_sc_hd__o21bai_1)
                  0.21    0.21    5.17 ^ _1109_/Y (sky130_fd_sc_hd__o21bai_1)
     2    0.01                           _0176_ (net)
                  0.21    0.00    5.18 ^ _1120_/A (sky130_fd_sc_hd__nand3_2)
                  0.12    0.15    5.33 v _1120_/Y (sky130_fd_sc_hd__nand3_2)
     3    0.02                           _0187_ (net)
                  0.12    0.00    5.33 v _1125_/A (sky130_fd_sc_hd__nand2_4)
                  0.09    0.13    5.46 ^ _1125_/Y (sky130_fd_sc_hd__nand2_4)
     3    0.03                           _0192_ (net)
                  0.09    0.00    5.47 ^ _1139_/A (sky130_fd_sc_hd__nor2_8)
                  0.04    0.06    5.52 v _1139_/Y (sky130_fd_sc_hd__nor2_8)
     3    0.02                           _0207_ (net)
                  0.04    0.00    5.52 v _1145_/A (sky130_fd_sc_hd__nand2_2)
                  0.07    0.07    5.59 ^ _1145_/Y (sky130_fd_sc_hd__nand2_2)
     1    0.01                           _0214_ (net)
                  0.07    0.00    5.59 ^ _1150_/B (sky130_fd_sc_hd__nand3_4)
                  0.08    0.10    5.69 v _1150_/Y (sky130_fd_sc_hd__nand3_4)
     3    0.02                           _0219_ (net)
                  0.08    0.00    5.69 v _1153_/A (sky130_fd_sc_hd__nand2_4)
                  0.08    0.10    5.79 ^ _1153_/Y (sky130_fd_sc_hd__nand2_4)
     5    0.02                           _0223_ (net)
                  0.08    0.00    5.79 ^ _1180_/A (sky130_fd_sc_hd__buf_8)
                  0.07    0.14    5.94 ^ _1180_/X (sky130_fd_sc_hd__buf_8)
     5    0.04                           _0252_ (net)
                  0.07    0.00    5.94 ^ _1516_/A2 (sky130_fd_sc_hd__o2111ai_1)
                  0.12    0.10    6.04 v _1516_/Y (sky130_fd_sc_hd__o2111ai_1)
     1    0.00                           _0620_ (net)
                  0.12    0.00    6.04 v _1521_/A0 (sky130_fd_sc_hd__mux2_1)
                  0.11    0.39    6.43 v _1521_/X (sky130_fd_sc_hd__mux2_1)
     1    0.01                           _0625_ (net)
                  0.11    0.00    6.43 v _1522_/A (sky130_fd_sc_hd__clkbuf_1)
                  0.02    0.12    6.55 v _1522_/X (sky130_fd_sc_hd__clkbuf_1)
     1    0.00                           net23 (net)
                  0.02    0.00    6.55 v output23/A (sky130_fd_sc_hd__buf_2)
                  0.09    0.18    6.73 v output23/X (sky130_fd_sc_hd__buf_2)
     1    0.03                           ALU_Out[2] (net)
                  0.09    0.00    6.73 v ALU_Out[2] (out)
                                  6.73   data arrival time

                  0.00   10.00   10.00   clock clk (rise edge)
                          0.00   10.00   clock network delay (ideal)
                         -0.25    9.75   clock uncertainty
                          0.00    9.75   clock reconvergence pessimism
                         -2.00    7.75   output external delay
                                  7.75   data required time
-----------------------------------------------------------------------------
                                  7.75   data required time
                                 -6.73   data arrival time
-----------------------------------------------------------------------------
                                  1.02   slack (MET)


Startpoint: B[0] (input port clocked by clk)
Endpoint: ALU_Out[6] (output port clocked by clk)
Path Group: clk
Path Type: max

Fanout     Cap    Slew   Delay    Time   Description
-----------------------------------------------------------------------------
                  0.00    0.00    0.00   clock clk (rise edge)
                          0.00    0.00   clock network delay (ideal)
                          2.00    2.00 ^ input external delay
                  0.02    0.01    2.01 ^ B[0] (in)
     1    0.00                           B[0] (net)
                  0.02    0.00    2.01 ^ input13/A (sky130_fd_sc_hd__clkbuf_2)
                  0.13    0.16    2.18 ^ input13/X (sky130_fd_sc_hd__clkbuf_2)
     4    0.02                           net13 (net)
                  0.13    0.00    2.18 ^ _0902_/A (sky130_fd_sc_hd__clkbuf_2)
                  0.12    0.20    2.37 ^ _0902_/X (sky130_fd_sc_hd__clkbuf_2)
     5    0.02                           _0637_ (net)
                  0.12    0.00    2.38 ^ _1209_/A (sky130_fd_sc_hd__dlymetal6s2s_1)
                  0.18    0.22    2.60 ^ _1209_/X (sky130_fd_sc_hd__dlymetal6s2s_1)
     5    0.02                           _0284_ (net)
                  0.18    0.00    2.60 ^ _1559_/A1 (sky130_fd_sc_hd__a22o_1)
                  0.05    0.17    2.77 ^ _1559_/X (sky130_fd_sc_hd__a22o_1)
     1    0.00                           _0665_ (net)
                  0.05    0.00    2.77 ^ _1560_/B1 (sky130_fd_sc_hd__o31ai_1)
                  0.08    0.08    2.85 v _1560_/Y (sky130_fd_sc_hd__o31ai_1)
     2    0.01                           _0666_ (net)
                  0.08    0.00    2.85 v _1561_/B (sky130_fd_sc_hd__or2_1)
                  0.07    0.25    3.10 v _1561_/X (sky130_fd_sc_hd__or2_1)
     2    0.01                           _0667_ (net)
                  0.07    0.00    3.10 v _1606_/B1 (sky130_fd_sc_hd__o31ai_1)
                  0.29    0.10    3.20 ^ _1606_/Y (sky130_fd_sc_hd__o31ai_1)
     2    0.01                           _0716_ (net)
                  0.29    0.00    3.20 ^ _1607_/B (sky130_fd_sc_hd__or2_1)
                  0.04    0.15    3.35 ^ _1607_/X (sky130_fd_sc_hd__or2_1)
     1    0.00                           _0717_ (net)
                  0.04    0.00    3.35 ^ _1609_/A (sky130_fd_sc_hd__nand2_1)
                  0.04    0.05    3.41 v _1609_/Y (sky130_fd_sc_hd__nand2_1)
     2    0.00                           _0719_ (net)
                  0.04    0.00    3.41 v _1610_/B (sky130_fd_sc_hd__or2_1)
                  0.06    0.22    3.63 v _1610_/X (sky130_fd_sc_hd__or2_1)
     2    0.00                           _0720_ (net)
                  0.06    0.00    3.63 v _1648_/A (sky130_fd_sc_hd__and2_1)
                  0.05    0.16    3.79 v _1648_/X (sky130_fd_sc_hd__and2_1)
     2    0.01                           _0761_ (net)
                  0.05    0.00    3.79 v _1671_/B (sky130_fd_sc_hd__nand2_1)
                  0.06    0.08    3.86 ^ _1671_/Y (sky130_fd_sc_hd__nand2_1)
     2    0.00                           _0786_ (net)
                  0.06    0.00    3.86 ^ _1672_/B_N (sky130_fd_sc_hd__or2b_1)
                  0.05    0.24    4.11 v _1672_/X (sky130_fd_sc_hd__or2b_1)
     1    0.00                           _0787_ (net)
                  0.05    0.00    4.11 v _1673_/B (sky130_fd_sc_hd__xor2_1)
                  0.15    0.16    4.27 ^ _1673_/X (sky130_fd_sc_hd__xor2_1)
     1    0.00                           _0789_ (net)
                  0.15    0.00    4.27 ^ _1674_/A (sky130_fd_sc_hd__inv_2)
                  0.03    0.05    4.32 v _1674_/Y (sky130_fd_sc_hd__inv_2)
     2    0.00                           _0790_ (net)
                  0.03    0.00    4.32 v _1675_/B (sky130_fd_sc_hd__or2_1)
                  0.05    0.21    4.53 v _1675_/X (sky130_fd_sc_hd__or2_1)
     1    0.00                           _0791_ (net)
                  0.05    0.00    4.53 v _1677_/A (sky130_fd_sc_hd__nand2_1)
                  0.06    0.07    4.60 ^ _1677_/Y (sky130_fd_sc_hd__nand2_1)
     2    0.00                           _0793_ (net)
                  0.06    0.00    4.60 ^ _1678_/B (sky130_fd_sc_hd__or2_1)
                  0.07    0.12    4.72 ^ _1678_/X (sky130_fd_sc_hd__or2_1)
     2    0.01                           _0794_ (net)
                  0.07    0.00    4.72 ^ _1680_/A (sky130_fd_sc_hd__nand2_1)
                  0.05    0.07    4.79 v _1680_/Y (sky130_fd_sc_hd__nand2_1)
     2    0.01                           _0796_ (net)
                  0.05    0.00    4.79 v _1681_/B (sky130_fd_sc_hd__or2_1)
                  0.06    0.23    5.02 v _1681_/X (sky130_fd_sc_hd__or2_1)
     2    0.00                           _0797_ (net)
                  0.06    0.00    5.02 v _1683_/A (sky130_fd_sc_hd__and3_1)
                  0.04    0.15    5.17 v _1683_/X (sky130_fd_sc_hd__and3_1)
     1    0.00                           _0800_ (net)
                  0.04    0.00    5.17 v _1684_/C1 (sky130_fd_sc_hd__a311o_1)
                  0.06    0.29    5.46 v _1684_/X (sky130_fd_sc_hd__a311o_1)
     1    0.01                           _0801_ (net)
                  0.06    0.00    5.46 v _1689_/A0 (sky130_fd_sc_hd__mux2_1)
                  0.08    0.33    5.79 v _1689_/X (sky130_fd_sc_hd__mux2_1)
     1    0.01                           _0806_ (net)
                  0.08    0.00    5.79 v _1690_/A (sky130_fd_sc_hd__clkbuf_1)
                  0.02    0.10    5.89 v _1690_/X (sky130_fd_sc_hd__clkbuf_1)
     1    0.00                           net27 (net)
                  0.02    0.00    5.89 v output27/A (sky130_fd_sc_hd__buf_2)
                  0.09    0.18    6.07 v output27/X (sky130_fd_sc_hd__buf_2)
     1    0.03                           ALU_Out[6] (net)
                  0.09    0.00    6.07 v ALU_Out[6] (out)
                                  6.07   data arrival time

                  0.00   10.00   10.00   clock clk (rise edge)
                          0.00   10.00   clock network delay (ideal)
                         -0.25    9.75   clock uncertainty
                          0.00    9.75   clock reconvergence pessimism
                         -2.00    7.75   output external delay
                                  7.75   data required time
-----------------------------------------------------------------------------
                                  7.75   data required time
                                 -6.07   data arrival time
-----------------------------------------------------------------------------
                                  1.68   slack (MET)


Startpoint: A[4] (input port clocked by clk)
Endpoint: ALU_Out[7] (output port clocked by clk)
Path Group: clk
Path Type: max

Fanout     Cap    Slew   Delay    Time   Description
-----------------------------------------------------------------------------
                  0.00    0.00    0.00   clock clk (rise edge)
                          0.00    0.00   clock network delay (ideal)
                          2.00    2.00 ^ input external delay
                  0.02    0.01    2.01 ^ A[4] (in)
     1    0.00                           A[4] (net)
                  0.02    0.00    2.01 ^ input9/A (sky130_fd_sc_hd__dlymetal6s2s_1)
                  0.16    0.17    2.18 ^ input9/X (sky130_fd_sc_hd__dlymetal6s2s_1)
     2    0.01                           net9 (net)
                  0.16    0.00    2.18 ^ _0972_/A (sky130_fd_sc_hd__dlymetal6s2s_1)
                  0.22    0.26    2.44 ^ _0972_/X (sky130_fd_sc_hd__dlymetal6s2s_1)
     5    0.02                           _0039_ (net)
                  0.22    0.00    2.44 ^ _1558_/B (sky130_fd_sc_hd__nand2_1)
                  0.12    0.17    2.61 v _1558_/Y (sky130_fd_sc_hd__nand2_1)
     4    0.01                           _0664_ (net)
                  0.12    0.00    2.61 v _1601_/B (sky130_fd_sc_hd__xnor2_1)
                  0.05    0.16    2.78 v _1601_/Y (sky130_fd_sc_hd__xnor2_1)
     2    0.00                           _0710_ (net)
                  0.05    0.00    2.78 v _1602_/C (sky130_fd_sc_hd__or3_1)
                  0.08    0.34    3.11 v _1602_/X (sky130_fd_sc_hd__or3_1)
     2    0.00                           _0711_ (net)
                  0.08    0.00    3.11 v _1604_/A (sky130_fd_sc_hd__nand2_1)
                  0.06    0.09    3.20 ^ _1604_/Y (sky130_fd_sc_hd__nand2_1)
     1    0.01                           _0714_ (net)
                  0.06    0.00    3.20 ^ _1605_/A (sky130_fd_sc_hd__inv_2)
                  0.02    0.04    3.24 v _1605_/Y (sky130_fd_sc_hd__inv_2)
     2    0.00                           _0715_ (net)
                  0.02    0.00    3.24 v _1607_/A (sky130_fd_sc_hd__or2_1)
                  0.05    0.22    3.46 v _1607_/X (sky130_fd_sc_hd__or2_1)
     1    0.00                           _0717_ (net)
                  0.05    0.00    3.46 v _1609_/A (sky130_fd_sc_hd__nand2_1)
                  0.06    0.07    3.53 ^ _1609_/Y (sky130_fd_sc_hd__nand2_1)
     2    0.00                           _0719_ (net)
                  0.06    0.00    3.53 ^ _1610_/B (sky130_fd_sc_hd__or2_1)
                  0.05    0.11    3.64 ^ _1610_/X (sky130_fd_sc_hd__or2_1)
     2    0.00                           _0720_ (net)
                  0.05    0.00    3.64 ^ _1612_/A (sky130_fd_sc_hd__nand2_1)
                  0.04    0.06    3.69 v _1612_/Y (sky130_fd_sc_hd__nand2_1)
     2    0.00                           _0722_ (net)
                  0.04    0.00    3.69 v _1614_/A (sky130_fd_sc_hd__or2_1)
                  0.06    0.25    3.94 v _1614_/X (sky130_fd_sc_hd__or2_1)
     2    0.01                           _0725_ (net)
                  0.06    0.00    3.94 v _1616_/A (sky130_fd_sc_hd__nand2_1)
                  0.06    0.07    4.02 ^ _1616_/Y (sky130_fd_sc_hd__nand2_1)
     2    0.00                           _0727_ (net)
                  0.06    0.00    4.02 ^ _1617_/B (sky130_fd_sc_hd__or2_1)
                  0.06    0.11    4.13 ^ _1617_/X (sky130_fd_sc_hd__or2_1)
     2    0.01                           _0728_ (net)
                  0.06    0.00    4.13 ^ _1619_/A (sky130_fd_sc_hd__nand2_1)
                  0.06    0.08    4.20 v _1619_/Y (sky130_fd_sc_hd__nand2_1)
     3    0.01                           _0730_ (net)
                  0.06    0.00    4.20 v _1620_/B (sky130_fd_sc_hd__or2_1)
                  0.07    0.25    4.45 v _1620_/X (sky130_fd_sc_hd__or2_1)
     3    0.01                           _0731_ (net)
                  0.07    0.00    4.45 v _1678_/A (sky130_fd_sc_hd__or2_1)
                  0.06    0.26    4.71 v _1678_/X (sky130_fd_sc_hd__or2_1)
     2    0.01                           _0794_ (net)
                  0.06    0.00    4.71 v _1680_/A (sky130_fd_sc_hd__nand2_1)
                  0.07    0.08    4.79 ^ _1680_/Y (sky130_fd_sc_hd__nand2_1)
     2    0.01                           _0796_ (net)
                  0.07    0.00    4.79 ^ _1681_/B (sky130_fd_sc_hd__or2_1)
                  0.06    0.12    4.91 ^ _1681_/X (sky130_fd_sc_hd__or2_1)
     2    0.01                           _0797_ (net)
                  0.06    0.00    4.91 ^ _1727_/A (sky130_fd_sc_hd__nand2_1)
                  0.04    0.06    4.97 v _1727_/Y (sky130_fd_sc_hd__nand2_1)
     2    0.00                           _0847_ (net)
                  0.04    0.00    4.97 v _1728_/B (sky130_fd_sc_hd__or2_1)
                  0.04    0.20    5.17 v _1728_/X (sky130_fd_sc_hd__or2_1)
     1    0.00                           _0848_ (net)
                  0.04    0.00    5.17 v _1730_/A (sky130_fd_sc_hd__and3_1)
                  0.04    0.15    5.32 v _1730_/X (sky130_fd_sc_hd__and3_1)
     1    0.00                           _0850_ (net)
                  0.04    0.00    5.32 v _1731_/D1 (sky130_fd_sc_hd__a2111o_1)
                  0.10    0.35    5.67 v _1731_/X (sky130_fd_sc_hd__a2111o_1)
     1    0.01                           net28 (net)
                  0.10    0.00    5.67 v output28/A (sky130_fd_sc_hd__buf_2)
                  0.09    0.22    5.89 v output28/X (sky130_fd_sc_hd__buf_2)
     1    0.03                           ALU_Out[7] (net)
                  0.09    0.00    5.89 v ALU_Out[7] (out)
                                  5.89   data arrival time

                  0.00   10.00   10.00   clock clk (rise edge)
                          0.00   10.00   clock network delay (ideal)
                         -0.25    9.75   clock uncertainty
                          0.00    9.75   clock reconvergence pessimism
                         -2.00    7.75   output external delay
                                  7.75   data required time
-----------------------------------------------------------------------------
                                  7.75   data required time
                                 -5.89   data arrival time
-----------------------------------------------------------------------------
                                  1.86   slack (MET)


